Create template_version1
Create template_version2
Exist template_version
[DEBUG] TemplateVersion: gED5nHGbE4rfxKuPeT0sZzJ7DY+Mz38mAf6/x5umLDk= ----- gED5nHGbE4rfxKuPeT0sZzJ7DY+Mz38mAf6/x5umLDk= ------ gED5nHGbE4rfxKuPeT0sZzJ7DY+Mz38mAf6/x5umLDk=
[DEBUG] TemplateVersion: ZOyIygCyaOW6GjVnihtTFtIS9PNmskdyMlNKiuyjfzw= ----- ZOyIygCyaOW6GjVnihtTFtIS9PNmskdyMlNKiuyjfzw= ------ ZOyIygCyaOW6GjVnihtTFtIS9PNmskdyMlNKiuyjfzw=
Read template_version
[DEBUG] TemplateVersion: gED5nHGbE4rfxKuPeT0sZzJ7DY+Mz38mAf6/x5umLDk= ----- gED5nHGbE4rfxKuPeT0sZzJ7DY+Mz38mAf6/x5umLDk= ------ gED5nHGbE4rfxKuPeT0sZzJ7DY+Mz38mAf6/x5umLDk=
[DEBUG] TemplateVersion: ZOyIygCyaOW6GjVnihtTFtIS9PNmskdyMlNKiuyjfzw= ----- ZOyIygCyaOW6GjVnihtTFtIS9PNmskdyMlNKiuyjfzw= ------ ZOyIygCyaOW6GjVnihtTFtIS9PNmskdyMlNKiuyjfzw=
Exist template_version
[DEBUG] TemplateVersion: gED5nHGbE4rfxKuPeT0sZzJ7DY+Mz38mAf6/x5umLDk= ----- gED5nHGbE4rfxKuPeT0sZzJ7DY+Mz38mAf6/x5umLDk= ------ gED5nHGbE4rfxKuPeT0sZzJ7DY+Mz38mAf6/x5umLDk=
[DEBUG] TemplateVersion: ZOyIygCyaOW6GjVnihtTFtIS9PNmskdyMlNKiuyjfzw= ----- ZOyIygCyaOW6GjVnihtTFtIS9PNmskdyMlNKiuyjfzw= ------ ZOyIygCyaOW6GjVnihtTFtIS9PNmskdyMlNKiuyjfzw=
Read template_version
[DEBUG] TemplateVersion: gED5nHGbE4rfxKuPeT0sZzJ7DY+Mz38mAf6/x5umLDk= ----- gED5nHGbE4rfxKuPeT0sZzJ7DY+Mz38mAf6/x5umLDk= ------ gED5nHGbE4rfxKuPeT0sZzJ7DY+Mz38mAf6/x5umLDk=
[DEBUG] TemplateVersion: ZOyIygCyaOW6GjVnihtTFtIS9PNmskdyMlNKiuyjfzw= ----- ZOyIygCyaOW6GjVnihtTFtIS9PNmskdyMlNKiuyjfzw= ------ ZOyIygCyaOW6GjVnihtTFtIS9PNmskdyMlNKiuyjfzw=
Update template_version
Read template_version
[DEBUG] TemplateVersion: gED5nHGbE4rfxKuPeT0sZzJ7DY+Mz38mAf6/x5umLDk= ----- gED5nHGbE4rfxKuPeT0sZzJ7DY+Mz38mAf6/x5umLDk= ------ gED5nHGbE4rfxKuPeT0sZzJ7DY+Mz38mAf6/x5umLDk=
[DEBUG] TemplateVersion: ZOyIygCyaOW6GjVnihtTFtIS9PNmskdyMlNKiuyjfzw= ----- ZOyIygCyaOW6GjVnihtTFtIS9PNmskdyMlNKiuyjfzw= ------ ZOyIygCyaOW6GjVnihtTFtIS9PNmskdyMlNKiuyjfzw=
Exist template_version
[DEBUG] TemplateVersion: gED5nHGbE4rfxKuPeT0sZzJ7DY+Mz38mAf6/x5umLDk= ----- gED5nHGbE4rfxKuPeT0sZzJ7DY+Mz38mAf6/x5umLDk= ------ gED5nHGbE4rfxKuPeT0sZzJ7DY+Mz38mAf6/x5umLDk=
[DEBUG] TemplateVersion: ZOyIygCyaOW6GjVnihtTFtIS9PNmskdyMlNKiuyjfzw= ----- ZOyIygCyaOW6GjVnihtTFtIS9PNmskdyMlNKiuyjfzw= ------ ZOyIygCyaOW6GjVnihtTFtIS9PNmskdyMlNKiuyjfzw=
Read template_version
[DEBUG] TemplateVersion: gED5nHGbE4rfxKuPeT0sZzJ7DY+Mz38mAf6/x5umLDk= ----- gED5nHGbE4rfxKuPeT0sZzJ7DY+Mz38mAf6/x5umLDk= ------ gED5nHGbE4rfxKuPeT0sZzJ7DY+Mz38mAf6/x5umLDk=
[DEBUG] TemplateVersion: ZOyIygCyaOW6GjVnihtTFtIS9PNmskdyMlNKiuyjfzw= ----- ZOyIygCyaOW6GjVnihtTFtIS9PNmskdyMlNKiuyjfzw= ------ ZOyIygCyaOW6GjVnihtTFtIS9PNmskdyMlNKiuyjfzw=
Exist template_version
[DEBUG] TemplateVersion: gED5nHGbE4rfxKuPeT0sZzJ7DY+Mz38mAf6/x5umLDk= ----- gED5nHGbE4rfxKuPeT0sZzJ7DY+Mz38mAf6/x5umLDk= ------ gED5nHGbE4rfxKuPeT0sZzJ7DY+Mz38mAf6/x5umLDk=
[DEBUG] TemplateVersion: ZOyIygCyaOW6GjVnihtTFtIS9PNmskdyMlNKiuyjfzw= ----- ZOyIygCyaOW6GjVnihtTFtIS9PNmskdyMlNKiuyjfzw= ------ ZOyIygCyaOW6GjVnihtTFtIS9PNmskdyMlNKiuyjfzw=
Read template_version
[DEBUG] TemplateVersion: gED5nHGbE4rfxKuPeT0sZzJ7DY+Mz38mAf6/x5umLDk= ----- gED5nHGbE4rfxKuPeT0sZzJ7DY+Mz38mAf6/x5umLDk= ------ gED5nHGbE4rfxKuPeT0sZzJ7DY+Mz38mAf6/x5umLDk=
[DEBUG] TemplateVersion: ZOyIygCyaOW6GjVnihtTFtIS9PNmskdyMlNKiuyjfzw= ----- ZOyIygCyaOW6GjVnihtTFtIS9PNmskdyMlNKiuyjfzw= ------ ZOyIygCyaOW6GjVnihtTFtIS9PNmskdyMlNKiuyjfzw=
Update template_version
Read template_version
[DEBUG] TemplateVersion: 0LQl4A4VoNNrmzYfArq2NWOu1stGZQg5BThsVdW2efo= ----- 0LQl4A4VoNNrmzYfArq2NWOu1stGZQg5BThsVdW2efo= ------ 0LQl4A4VoNNrmzYfArq2NWOu1stGZQg5BThsVdW2efo=
[DEBUG] TemplateVersion: 6HuTSfHvZYQy6pNk4/KWNDeSkVAdcn2hg/Xu14IyoSg= ----- 6HuTSfHvZYQy6pNk4/KWNDeSkVAdcn2hg/Xu14IyoSg= ------ 6HuTSfHvZYQy6pNk4/KWNDeSkVAdcn2hg/Xu14IyoSg=
Exist template_version
[DEBUG] TemplateVersion: 0LQl4A4VoNNrmzYfArq2NWOu1stGZQg5BThsVdW2efo= ----- 0LQl4A4VoNNrmzYfArq2NWOu1stGZQg5BThsVdW2efo= ------ 0LQl4A4VoNNrmzYfArq2NWOu1stGZQg5BThsVdW2efo=
[DEBUG] TemplateVersion: 6HuTSfHvZYQy6pNk4/KWNDeSkVAdcn2hg/Xu14IyoSg= ----- 6HuTSfHvZYQy6pNk4/KWNDeSkVAdcn2hg/Xu14IyoSg= ------ 6HuTSfHvZYQy6pNk4/KWNDeSkVAdcn2hg/Xu14IyoSg=
Read template_version
[DEBUG] TemplateVersion: 0LQl4A4VoNNrmzYfArq2NWOu1stGZQg5BThsVdW2efo= ----- 0LQl4A4VoNNrmzYfArq2NWOu1stGZQg5BThsVdW2efo= ------ 0LQl4A4VoNNrmzYfArq2NWOu1stGZQg5BThsVdW2efo=
[DEBUG] TemplateVersion: 6HuTSfHvZYQy6pNk4/KWNDeSkVAdcn2hg/Xu14IyoSg= ----- 6HuTSfHvZYQy6pNk4/KWNDeSkVAdcn2hg/Xu14IyoSg= ------ 6HuTSfHvZYQy6pNk4/KWNDeSkVAdcn2hg/Xu14IyoSg=
Exist template_version
[DEBUG] TemplateVersion: 2rdBtiiefczB7UIzDK4azMK3Vc6AecLNXUtTZsn3aaY= ----- 0LQl4A4VoNNrmzYfArq2NWOu1stGZQg5BThsVdW2efo= ------ 0LQl4A4VoNNrmzYfArq2NWOu1stGZQg5BThsVdW2efo=
[DEBUG] TemplateVersion: ji85YJra1LNba4gmJKTbo+FCuXxARs5uPYYHgDUrY7I= ----- 6HuTSfHvZYQy6pNk4/KWNDeSkVAdcn2hg/Xu14IyoSg= ------ 6HuTSfHvZYQy6pNk4/KWNDeSkVAdcn2hg/Xu14IyoSg=
Read template_version
[DEBUG] TemplateVersion: 2rdBtiiefczB7UIzDK4azMK3Vc6AecLNXUtTZsn3aaY= ----- 0LQl4A4VoNNrmzYfArq2NWOu1stGZQg5BThsVdW2efo= ------ 0LQl4A4VoNNrmzYfArq2NWOu1stGZQg5BThsVdW2efo=
[DEBUG] TemplateVersion: ji85YJra1LNba4gmJKTbo+FCuXxARs5uPYYHgDUrY7I= ----- 6HuTSfHvZYQy6pNk4/KWNDeSkVAdcn2hg/Xu14IyoSg= ------ 6HuTSfHvZYQy6pNk4/KWNDeSkVAdcn2hg/Xu14IyoSg=
Exist template_version
[DEBUG] TemplateVersion: 2rdBtiiefczB7UIzDK4azMK3Vc6AecLNXUtTZsn3aaY= ----- 0LQl4A4VoNNrmzYfArq2NWOu1stGZQg5BThsVdW2efo= ------ 2rdBtiiefczB7UIzDK4azMK3Vc6AecLNXUtTZsn3aaY=
[DEBUG] TemplateVersion: ji85YJra1LNba4gmJKTbo+FCuXxARs5uPYYHgDUrY7I= ----- 6HuTSfHvZYQy6pNk4/KWNDeSkVAdcn2hg/Xu14IyoSg= ------ ji85YJra1LNba4gmJKTbo+FCuXxARs5uPYYHgDUrY7I=
Read template_version
[DEBUG] TemplateVersion: 2rdBtiiefczB7UIzDK4azMK3Vc6AecLNXUtTZsn3aaY= ----- 0LQl4A4VoNNrmzYfArq2NWOu1stGZQg5BThsVdW2efo= ------ 2rdBtiiefczB7UIzDK4azMK3Vc6AecLNXUtTZsn3aaY=
[DEBUG] TemplateVersion: ji85YJra1LNba4gmJKTbo+FCuXxARs5uPYYHgDUrY7I= ----- 6HuTSfHvZYQy6pNk4/KWNDeSkVAdcn2hg/Xu14IyoSg= ------ ji85YJra1LNba4gmJKTbo+FCuXxARs5uPYYHgDUrY7I=
Exist template_version
[DEBUG] TemplateVersion: 2rdBtiiefczB7UIzDK4azMK3Vc6AecLNXUtTZsn3aaY= ----- 0LQl4A4VoNNrmzYfArq2NWOu1stGZQg5BThsVdW2efo= ------ 0LQl4A4VoNNrmzYfArq2NWOu1stGZQg5BThsVdW2efo=
[DEBUG] TemplateVersion: ji85YJra1LNba4gmJKTbo+FCuXxARs5uPYYHgDUrY7I= ----- 6HuTSfHvZYQy6pNk4/KWNDeSkVAdcn2hg/Xu14IyoSg= ------ 6HuTSfHvZYQy6pNk4/KWNDeSkVAdcn2hg/Xu14IyoSg=
Read template_version
[DEBUG] TemplateVersion: 2rdBtiiefczB7UIzDK4azMK3Vc6AecLNXUtTZsn3aaY= ----- 0LQl4A4VoNNrmzYfArq2NWOu1stGZQg5BThsVdW2efo= ------ 0LQl4A4VoNNrmzYfArq2NWOu1stGZQg5BThsVdW2efo=
[DEBUG] TemplateVersion: ji85YJra1LNba4gmJKTbo+FCuXxARs5uPYYHgDUrY7I= ----- 6HuTSfHvZYQy6pNk4/KWNDeSkVAdcn2hg/Xu14IyoSg= ------ 6HuTSfHvZYQy6pNk4/KWNDeSkVAdcn2hg/Xu14IyoSg=
Delete template_version
Create template_version1
Exist template_version
Read template_version
[DEBUG] TemplateVersion: gED5nHGbE4rfxKuPeT0sZzJ7DY+Mz38mAf6/x5umLDk= ------ gED5nHGbE4rfxKuPeT0sZzJ7DY+Mz38mAf6/x5umLDk=
[DEBUG] TemplateVersion: ZOyIygCyaOW6GjVnihtTFtIS9PNmskdyMlNKiuyjfzw= ------ ZOyIygCyaOW6GjVnihtTFtIS9PNmskdyMlNKiuyjfzw=
Exist template_version
Read template_version
[DEBUG] TemplateVersion: gED5nHGbE4rfxKuPeT0sZzJ7DY+Mz38mAf6/x5umLDk= ------ gED5nHGbE4rfxKuPeT0sZzJ7DY+Mz38mAf6/x5umLDk=
[DEBUG] TemplateVersion: ZOyIygCyaOW6GjVnihtTFtIS9PNmskdyMlNKiuyjfzw= ------ ZOyIygCyaOW6GjVnihtTFtIS9PNmskdyMlNKiuyjfzw=
Update template_version
Read template_version
[DEBUG] TemplateVersion: gED5nHGbE4rfxKuPeT0sZzJ7DY+Mz38mAf6/x5umLDk= ------ gED5nHGbE4rfxKuPeT0sZzJ7DY+Mz38mAf6/x5umLDk=
[DEBUG] TemplateVersion: ZOyIygCyaOW6GjVnihtTFtIS9PNmskdyMlNKiuyjfzw= ------ ZOyIygCyaOW6GjVnihtTFtIS9PNmskdyMlNKiuyjfzw=
Exist template_version
Read template_version
[DEBUG] TemplateVersion: gED5nHGbE4rfxKuPeT0sZzJ7DY+Mz38mAf6/x5umLDk= ------ gED5nHGbE4rfxKuPeT0sZzJ7DY+Mz38mAf6/x5umLDk=
[DEBUG] TemplateVersion: ZOyIygCyaOW6GjVnihtTFtIS9PNmskdyMlNKiuyjfzw= ------ ZOyIygCyaOW6GjVnihtTFtIS9PNmskdyMlNKiuyjfzw=
Exist template_version
Read template_version
[DEBUG] TemplateVersion: gED5nHGbE4rfxKuPeT0sZzJ7DY+Mz38mAf6/x5umLDk= ------ gED5nHGbE4rfxKuPeT0sZzJ7DY+Mz38mAf6/x5umLDk=
[DEBUG] TemplateVersion: ZOyIygCyaOW6GjVnihtTFtIS9PNmskdyMlNKiuyjfzw= ------ ZOyIygCyaOW6GjVnihtTFtIS9PNmskdyMlNKiuyjfzw=
Update template_version
Read template_version
[DEBUG] TemplateVersion: 0LQl4A4VoNNrmzYfArq2NWOu1stGZQg5BThsVdW2efo= ------ 0LQl4A4VoNNrmzYfArq2NWOu1stGZQg5BThsVdW2efo=
[DEBUG] TemplateVersion: 6HuTSfHvZYQy6pNk4/KWNDeSkVAdcn2hg/Xu14IyoSg= ------ 6HuTSfHvZYQy6pNk4/KWNDeSkVAdcn2hg/Xu14IyoSg=
Exist template_version
Read template_version
[DEBUG] TemplateVersion: 0LQl4A4VoNNrmzYfArq2NWOu1stGZQg5BThsVdW2efo= ------ 0LQl4A4VoNNrmzYfArq2NWOu1stGZQg5BThsVdW2efo=
[DEBUG] TemplateVersion: 6HuTSfHvZYQy6pNk4/KWNDeSkVAdcn2hg/Xu14IyoSg= ------ 6HuTSfHvZYQy6pNk4/KWNDeSkVAdcn2hg/Xu14IyoSg=
Exist template_version
Read template_version
[DEBUG] TemplateVersion: 0LQl4A4VoNNrmzYfArq2NWOu1stGZQg5BThsVdW2efo= ------ 0LQl4A4VoNNrmzYfArq2NWOu1stGZQg5BThsVdW2efo=
[DEBUG] TemplateVersion: 6HuTSfHvZYQy6pNk4/KWNDeSkVAdcn2hg/Xu14IyoSg= ------ 6HuTSfHvZYQy6pNk4/KWNDeSkVAdcn2hg/Xu14IyoSg=
Exist template_version
Read template_version
[DEBUG] TemplateVersion: 0LQl4A4VoNNrmzYfArq2NWOu1stGZQg5BThsVdW2efo= ------ 0LQl4A4VoNNrmzYfArq2NWOu1stGZQg5BThsVdW2efo=
[DEBUG] TemplateVersion: 6HuTSfHvZYQy6pNk4/KWNDeSkVAdcn2hg/Xu14IyoSg= ------ 6HuTSfHvZYQy6pNk4/KWNDeSkVAdcn2hg/Xu14IyoSg=
Delete template_version
